<?xml version="1.0" encoding="UTF-8"?>
<!-- Generated by org.testng.reporters.JUnitReportReporter -->
<testsuite skipped="0" hostname="LFR017188" name="config.Config" tests="1" failures="0" timestamp="15 mars 2019 10:55:31 GMT" time="6.723" errors="0">
  <testcase name="test" time="6.723" classname="config.Config"/>
</testsuite> <!-- config.Config -->
