<?xml version="1.0" encoding="UTF-8"?>
<!-- Generated by org.testng.reporters.JUnitReportReporter -->
<testsuite skipped="0" hostname="LFR017188" name="config.RunTest" tests="1" failures="0" timestamp="20 mars 2019 08:37:54 GMT" time="5.683" errors="0">
  <testcase name="test" time="5.683" classname="config.RunTest"/>
</testsuite> <!-- config.RunTest -->
