<?xml version="1.0" encoding="UTF-8"?>
<!-- Generated by org.testng.reporters.JUnitReportReporter -->
<testsuite skipped="0" hostname="LFR017188" name="config.RunTest" tests="1" failures="0" timestamp="15 mars 2019 16:40:07 GMT" time="16.409" errors="0">
  <testcase name="test" time="16.409" classname="config.RunTest"/>
</testsuite> <!-- config.RunTest -->
